<?xml version="1.0" encoding="UTF-8"?>
<!-- Generated by org.testng.reporters.JUnitReportReporter -->
<testsuite hostname="SUCCESS" name="testcases.TestCase5" tests="1" failures="0" timestamp="15 Apr 2017 13:38:14 GMT" time="29.271" errors="0">
  <testcase name="cookiescheck" time="29.271" classname="testcases.TestCase5"/>
</testsuite> <!-- testcases.TestCase5 -->
