<?xml version="1.0" encoding="UTF-8"?>
<!-- Generated by org.testng.reporters.JUnitReportReporter -->
<testsuite hostname="SUCCESS" name="testcases.TestCase4" tests="1" failures="0" timestamp="15 Apr 2017 13:38:14 GMT" time="48.198" errors="0">
  <testcase name="mulsyscheck" time="48.198" classname="testcases.TestCase4"/>
</testsuite> <!-- testcases.TestCase4 -->
