<?xml version="1.0" encoding="UTF-8"?>
<!-- Generated by org.testng.reporters.JUnitReportReporter -->
<testsuite hostname="SUCCESS" name="testcases.TestCase3" tests="1" failures="0" timestamp="15 Apr 2017 13:38:14 GMT" time="22.807" errors="0">
  <testcase name="mulbrowsercheck" time="22.807" classname="testcases.TestCase3"/>
</testsuite> <!-- testcases.TestCase3 -->
