<?xml version="1.0" encoding="UTF-8"?>
<!-- Generated by org.testng.reporters.JUnitReportReporter -->
<testsuite hostname="SUCCESS" name="testcases.TestCase8" tests="1" failures="0" timestamp="15 Apr 2017 13:38:14 GMT" time="19.441" errors="0">
  <testcase name="sensdatacheck" time="19.441" classname="testcases.TestCase8"/>
</testsuite> <!-- testcases.TestCase8 -->
