<?xml version="1.0" encoding="UTF-8"?>
<!-- Generated by org.testng.reporters.JUnitReportReporter -->
<testsuite hostname="SUCCESS" name="testcases.TestCase6" tests="1" failures="0" timestamp="15 Apr 2017 13:38:14 GMT" time="31.977" errors="0">
  <testcase name="historycheck" time="31.977" classname="testcases.TestCase6"/>
</testsuite> <!-- testcases.TestCase6 -->
