<?xml version="1.0" encoding="UTF-8"?>
<!-- Generated by org.testng.reporters.JUnitReportReporter -->
<testsuite hostname="SUCCESS" name="testcases.TestCase1" tests="1" failures="0" timestamp="15 Apr 2017 13:38:14 GMT" time="18.695" errors="0">
  <testcase name="backbuttoncheck" time="18.695" classname="testcases.TestCase1"/>
</testsuite> <!-- testcases.TestCase1 -->
