<?xml version="1.0" encoding="UTF-8"?>
<!-- Generated by org.testng.reporters.JUnitReportReporter -->
<testsuite hostname="SUCCESS" name="testcases.TestCase7" tests="1" failures="0" timestamp="15 Apr 2017 13:38:14 GMT" time="77.568" errors="0">
  <testcase name="timeoutcheck" time="77.568" classname="testcases.TestCase7"/>
</testsuite> <!-- testcases.TestCase7 -->
