<?xml version="1.0" encoding="UTF-8"?>
<!-- Generated by org.testng.reporters.JUnitReportReporter -->
<testsuite hostname="SUCCESS" name="testcases.TestCase2" tests="1" failures="0" timestamp="15 Apr 2017 13:38:14 GMT" time="30.434" errors="0">
  <testcase name="backbuttoncheck" time="30.434" classname="testcases.TestCase2"/>
</testsuite> <!-- testcases.TestCase2 -->
