<?xml version="1.0" encoding="UTF-8"?>
<!-- Generated by org.testng.reporters.JUnitReportReporter -->
<testsuite hostname="SUCCESS" name="wrappers.AnnotationsSetup" tests="1" failures="0" timestamp="21 Jan 2017 02:28:24 GMT" time="11.121" errors="0">
  <testcase name="beforeMethod" time="11.121" classname="wrappers.AnnotationsSetup"/>
</testsuite> <!-- wrappers.AnnotationsSetup -->
