<?xml version="1.0" encoding="UTF-8"?>
<!-- Generated by org.testng.reporters.JUnitReportReporter -->
<testsuite hostname="SUCCESS" name="testscript.Scenario3" tests="1" failures="0" timestamp="22 Jan 2017 18:34:33 GMT" time="33.271" errors="0">
  <testcase name="login3" time="33.271" classname="testscript.Scenario3"/>
</testsuite> <!-- testscript.Scenario3 -->
