<?xml version="1.0" encoding="UTF-8"?>
<!-- Generated by org.testng.reporters.JUnitReportReporter -->
<testsuite hostname="SUCCESS" name="testscript.Scenario1" tests="1" failures="0" timestamp="22 Jan 2017 18:53:48 GMT" time="15.964" errors="0">
  <testcase name="login1" time="15.964" classname="testscript.Scenario1"/>
</testsuite> <!-- testscript.Scenario1 -->
