<?xml version="1.0" encoding="UTF-8"?>
<!-- Generated by org.testng.reporters.JUnitReportReporter -->
<testsuite hostname="SUCCESS" name="testscript.Scenario2" tests="1" failures="0" timestamp="22 Jan 2017 18:30:11 GMT" time="19.066" errors="0">
  <testcase name="login2" time="19.066" classname="testscript.Scenario2"/>
</testsuite> <!-- testscript.Scenario2 -->
